npm verbose cli C:\Program Files\nodejs\node.exe C:\Program Files\nodejs\node_modules\npm\bin\npm-cli.js
npm info using npm@10.8.1
npm info using node@v20.16.0
npm verbose title npm install
npm verbose argv "install" "--legacy-peer-deps" "--loglevel" "verbose"
npm verbose logfile logs-max:10 dir:C:\Users\koush\AppData\Local\npm-cache\_logs\2024-10-07T09_57_39_643Z-
npm verbose logfile C:\Users\koush\AppData\Local\npm-cache\_logs\2024-10-07T09_57_39_643Z-debug-0.log
npm http fetch GET 200 https://registry.npmjs.org/browserstack-cypress-cli 1011ms (cache revalidated)
npm http fetch GET 200 https://registry.npmjs.org/cypress 35ms (cache revalidated)
npm http fetch GET 200 https://registry.npmjs.org/archiver 51ms (cache revalidated)
npm http fetch GET 200 https://registry.npmjs.org/cli-progress 67ms (cache revalidated)
npm http fetch GET 200 https://registry.npmjs.org/async 76ms (cache revalidated)
npm http fetch GET 200 https://registry.npmjs.org/fs-extra 77ms (cache revalidated)
npm http fetch GET 200 https://registry.npmjs.org/chalk 84ms (cache revalidated)
npm http fetch GET 200 https://registry.npmjs.org/git-repo-info 47ms (cache revalidated)
npm http fetch GET 200 https://registry.npmjs.org/gitconfiglocal 44ms (cache revalidated)
npm http fetch GET 200 https://registry.npmjs.org/mocha 44ms (cache revalidated)
npm http fetch GET 200 https://registry.npmjs.org/glob 83ms (cache revalidated)
npm http fetch GET 200 https://registry.npmjs.org/mkdirp 55ms (cache revalidated)
npm http fetch GET 200 https://registry.npmjs.org/node-ipc 68ms (cache revalidated)
npm http fetch GET 200 https://registry.npmjs.org/request 52ms (cache revalidated)
npm http fetch GET 200 https://registry.npmjs.org/requestretry 49ms (cache revalidated)
npm http fetch GET 200 https://registry.npmjs.org/table 49ms (cache revalidated)
npm http fetch GET 200 https://registry.npmjs.org/update-notifier 35ms (cache revalidated)
npm http fetch GET 200 https://registry.npmjs.org/uuid 33ms (cache revalidated)
npm http fetch GET 200 https://registry.npmjs.org/winston 33ms (cache revalidated)
npm http fetch GET 200 https://registry.npmjs.org/windows-release 41ms (cache revalidated)
npm http fetch GET 200 https://registry.npmjs.org/yargs 42ms (cache revalidated)
npm http fetch GET 200 https://registry.npmjs.org/decompress 40ms (cache revalidated)
npm http fetch GET 200 https://registry.npmjs.org/tmp 44ms (cache revalidated)
npm http fetch GET 200 https://registry.npmjs.org/unzipper 49ms (cache revalidated)
npm http fetch GET 200 https://registry.npmjs.org/arch 39ms (cache revalidated)
npm http fetch GET 200 https://registry.npmjs.org/dayjs 33ms (cache revalidated)
npm http fetch GET 200 https://registry.npmjs.org/debug 32ms (cache revalidated)
npm http fetch GET 200 https://registry.npmjs.org/execa 33ms (cache revalidated)
npm http fetch GET 200 https://registry.npmjs.org/is-ci 29ms (cache revalidated)
npm http fetch GET 200 https://registry.npmjs.org/getos 41ms (cache revalidated)
npm http fetch GET 200 https://registry.npmjs.org/yauzl 40ms (cache revalidated)
npm http fetch GET 200 https://registry.npmjs.org/buffer 45ms (cache revalidated)
npm http fetch GET 200 https://registry.npmjs.org/listr2 40ms (cache revalidated)
npm http fetch GET 200 https://registry.npmjs.org/ospath 37ms (cache revalidated)
npm http fetch GET 200 https://registry.npmjs.org/lodash 69ms (cache updated)
npm http fetch GET 200 https://registry.npmjs.org/figures 50ms (cache revalidated)
npm http fetch GET 200 https://registry.npmjs.org/process 35ms (cache revalidated)
npm http fetch GET 200 https://registry.npmjs.org/semver 64ms (cache revalidated)
npm http fetch GET 200 https://registry.npmjs.org/bluebird 33ms (cache revalidated)
npm http fetch GET 200 https://registry.npmjs.org/lazy-ass 38ms (cache revalidated)
npm http fetch GET 200 https://registry.npmjs.org/cachedir 48ms (cache revalidated)
npm http fetch GET 200 https://registry.npmjs.org/minimist 37ms (cache revalidated)
npm http fetch GET 200 https://registry.npmjs.org/enquirer 53ms (cache revalidated)
npm http fetch GET 200 https://registry.npmjs.org/untildify 33ms (cache revalidated)
npm http fetch GET 200 https://registry.npmjs.org/blob-util 42ms (cache revalidated)
npm http fetch GET 200 https://registry.npmjs.org/commander 41ms (cache revalidated)
npm http fetch GET 200 https://registry.npmjs.org/cli-cursor 49ms (cache revalidated)
npm http fetch GET 200 https://registry.npmjs.org/common-tags 36ms (cache revalidated)
npm http fetch GET 200 https://registry.npmjs.org/extract-zip 32ms (cache revalidated)
npm http fetch GET 200 https://registry.npmjs.org/cli-table3 55ms (cache revalidated)
npm http fetch GET 200 https://registry.npmjs.org/executable 58ms (cache revalidated)
npm http fetch GET 200 https://registry.npmjs.org/pretty-bytes 49ms (cache revalidated)
npm http fetch GET 200 https://registry.npmjs.org/@types%2fsizzle 49ms (cache revalidated)
npm http fetch GET 200 https://registry.npmjs.org/log-symbols 65ms (cache revalidated)
npm http fetch GET 200 https://registry.npmjs.org/@cypress%2fxvfb 64ms (cache revalidated)
npm http fetch GET 200 https://registry.npmjs.org/eventemitter2 35ms (cache revalidated)
npm http fetch GET 200 https://registry.npmjs.org/proxy-from-env 33ms (cache revalidated)
npm http fetch GET 200 https://registry.npmjs.org/supports-color 36ms (cache revalidated)
npm http fetch GET 200 https://registry.npmjs.org/check-more-types 34ms (cache revalidated)
npm http fetch GET 200 https://registry.npmjs.org/is-installed-globally 36ms (cache revalidated)
npm http fetch GET 200 https://registry.npmjs.org/request-progress 44ms (cache revalidated)
npm http fetch GET 200 https://registry.npmjs.org/@cypress%2frequest 68ms (cache revalidated)
npm http fetch GET 200 https://registry.npmjs.org/@types%2fsinonjs__fake-timers 45ms (cache revalidated)
npm http fetch GET 200 https://registry.npmjs.org/git-last-commit 819ms (cache revalidated)
npm http fetch GET 200 https://registry.npmjs.org/getmac 875ms (cache revalidated)
npm http fetch GET 200 https://registry.npmjs.org/browserstack-local 898ms (cache revalidated)
npm http fetch GET 200 https://registry.npmjs.org/buffer-crc32 48ms (cache revalidated)
npm http fetch GET 200 https://registry.npmjs.org/archiver-utils 50ms (cache revalidated)
npm http fetch GET 200 https://registry.npmjs.org/tar-stream 46ms (cache revalidated)
npm http fetch GET 200 https://registry.npmjs.org/readable-stream 49ms (cache revalidated)
npm http fetch GET 200 https://registry.npmjs.org/readdir-glob 56ms (cache revalidated)
npm http fetch GET 200 https://registry.npmjs.org/zip-stream 57ms (cache revalidated)
npm http fetch GET 200 https://registry.npmjs.org/https-proxy-agent 59ms (cache revalidated)
npm http fetch GET 200 https://registry.npmjs.org/string-width 37ms (cache revalidated)
npm http fetch GET 200 https://registry.npmjs.org/ps-tree 56ms (cache revalidated)
npm http fetch GET 200 https://registry.npmjs.org/agent-base 50ms (cache revalidated)
npm http fetch GET 200 https://registry.npmjs.org/decompress-tar 46ms (cache revalidated)
npm http fetch GET 200 https://registry.npmjs.org/ansi-styles 57ms (cache revalidated)
npm http fetch GET 200 https://registry.npmjs.org/decompress-targz 39ms (cache revalidated)
npm http fetch GET 200 https://registry.npmjs.org/graceful-fs 37ms (cache revalidated)
npm http fetch GET 200 https://registry.npmjs.org/decompress-tarbz2 52ms (cache revalidated)
npm http fetch GET 200 https://registry.npmjs.org/decompress-unzip 51ms (cache revalidated)
npm http fetch GET 200 https://registry.npmjs.org/make-dir 48ms (cache revalidated)
npm http fetch GET 200 https://registry.npmjs.org/pify 35ms (cache revalidated)
npm http fetch GET 200 https://registry.npmjs.org/jsonfile 39ms (cache revalidated)
npm http fetch GET 200 https://registry.npmjs.org/strip-dirs 46ms (cache revalidated)
npm http fetch GET 200 https://registry.npmjs.org/universalify 42ms (cache revalidated)
npm http fetch GET 200 https://registry.npmjs.org/ini 29ms (cache revalidated)
npm http fetch GET 200 https://registry.npmjs.org/inflight 34ms (cache revalidated)
npm http fetch GET 200 https://registry.npmjs.org/once 41ms (cache revalidated)
npm http fetch GET 200 https://registry.npmjs.org/@types%2fnode 78ms (cache revalidated)
npm http fetch GET 200 https://registry.npmjs.org/inherits 127ms (cache revalidated)
npm http fetch GET 200 https://registry.npmjs.org/minimatch 120ms (cache revalidated)
npm http fetch GET 200 https://registry.npmjs.org/fs.realpath 133ms (cache revalidated)
npm http fetch GET 200 https://registry.npmjs.org/path-is-absolute 134ms (cache revalidated)
npm http fetch GET 200 https://registry.npmjs.org/browser-stdout 40ms (cache revalidated)
npm http fetch GET 200 https://registry.npmjs.org/ansi-colors 48ms (cache revalidated)
npm http fetch GET 200 https://registry.npmjs.org/chokidar 42ms (cache revalidated)
npm http fetch GET 200 https://registry.npmjs.org/diff 46ms (cache revalidated)
npm http fetch GET 200 https://registry.npmjs.org/he 43ms (cache revalidated)
npm http fetch GET 200 https://registry.npmjs.org/find-up 53ms (cache revalidated)
npm http fetch GET 200 https://registry.npmjs.org/escape-string-regexp 56ms (cache revalidated)
npm http fetch GET 200 https://registry.npmjs.org/js-yaml 48ms (cache revalidated)
npm http fetch GET 200 https://registry.npmjs.org/yargs 10ms (cache hit)
npm http fetch GET 200 https://registry.npmjs.org/ms 40ms (cache revalidated)
npm http fetch GET 200 https://registry.npmjs.org/strip-json-comments 37ms (cache revalidated)
npm http fetch GET 200 https://registry.npmjs.org/serialize-javascript 45ms (cache revalidated)
npm http fetch GET 200 https://registry.npmjs.org/workerpool 47ms (cache revalidated)
npm http fetch GET 200 https://registry.npmjs.org/yargs-parser 38ms (cache revalidated)
npm http fetch GET 200 https://registry.npmjs.org/yargs-unparser 34ms (cache revalidated)
npm http fetch GET 200 https://registry.npmjs.org/js-message 32ms (cache revalidated)
npm http fetch GET 200 https://registry.npmjs.org/js-queue 43ms (cache revalidated)
npm http fetch GET 200 https://registry.npmjs.org/event-pubsub 32ms (cache revalidated)
npm http fetch GET 200 https://registry.npmjs.org/qs 36ms (cache revalidated)
npm http fetch GET 200 https://registry.npmjs.org/aws4 36ms (cache revalidated)
npm http fetch GET 200 https://registry.npmjs.org/isstream 31ms (cache revalidated)
npm http fetch GET 200 https://registry.npmjs.org/extend 44ms (cache revalidated)
npm http fetch GET 200 https://registry.npmjs.org/caseless 35ms (cache revalidated)
npm http fetch GET 200 https://registry.npmjs.org/form-data 26ms (cache revalidated)
npm http fetch GET 200 https://registry.npmjs.org/aws-sign2 37ms (cache revalidated)
npm http fetch GET 200 https://registry.npmjs.org/safe-buffer 32ms (cache revalidated)
npm http fetch GET 200 https://registry.npmjs.org/mime-types 39ms (cache revalidated)
npm http fetch GET 200 https://registry.npmjs.org/oauth-sign 39ms (cache revalidated)
npm http fetch GET 200 https://registry.npmjs.org/tough-cookie 32ms (cache revalidated)
npm http fetch GET 200 https://registry.npmjs.org/tunnel-agent 32ms (cache revalidated)
npm http fetch GET 200 https://registry.npmjs.org/har-validator 35ms (cache revalidated)
npm http fetch GET 200 https://registry.npmjs.org/forever-agent 42ms (cache revalidated)
npm http fetch GET 200 https://registry.npmjs.org/is-typedarray 37ms (cache revalidated)
npm http fetch GET 200 https://registry.npmjs.org/lodash 10ms (cache hit)
npm http fetch GET 200 https://registry.npmjs.org/http-signature 49ms (cache revalidated)
npm http fetch GET 200 https://registry.npmjs.org/combined-stream 49ms (cache revalidated)
npm http fetch GET 200 https://registry.npmjs.org/performance-now 41ms (cache revalidated)
npm http fetch GET 200 https://registry.npmjs.org/json-stringify-safe 42ms (cache revalidated)
npm http fetch GET 200 https://registry.npmjs.org/slice-ansi 38ms (cache revalidated)
npm http fetch GET 200 https://registry.npmjs.org/ajv 54ms (cache revalidated)
npm http fetch GET 200 https://registry.npmjs.org/duplexer2 60ms (cache revalidated)
npm http fetch GET 200 https://registry.npmjs.org/node-int64 50ms (cache revalidated)
npm http fetch GET 200 https://registry.npmjs.org/pupa 51ms (cache revalidated)
npm http fetch GET 200 https://registry.npmjs.org/boxen 36ms (cache revalidated)
npm http fetch GET 200 https://registry.npmjs.org/is-npm 42ms (cache revalidated)
npm http fetch GET 200 https://registry.npmjs.org/configstore 47ms (cache revalidated)
npm http fetch GET 200 https://registry.npmjs.org/import-lazy 48ms (cache revalidated)
npm http fetch GET 200 https://registry.npmjs.org/is-in-ci 58ms (cache revalidated)
npm http fetch GET 200 https://registry.npmjs.org/semver-diff 54ms (cache revalidated)
npm http fetch GET 200 https://registry.npmjs.org/xdg-basedir 34ms (cache revalidated)
npm http fetch GET 200 https://registry.npmjs.org/eyes 37ms (cache revalidated)
npm http fetch GET 200 https://registry.npmjs.org/latest-version 46ms (cache revalidated)
npm http fetch GET 200 https://registry.npmjs.org/stack-trace 44ms (cache revalidated)
npm http fetch GET 200 https://registry.npmjs.org/cycle 61ms (cache revalidated)
npm http fetch GET 200 https://registry.npmjs.org/colors 58ms (cache revalidated)
npm http fetch GET 200 https://registry.npmjs.org/y18n 48ms (cache revalidated)
npm http fetch GET 200 https://registry.npmjs.org/cliui 59ms (cache revalidated)
npm http fetch GET 200 https://registry.npmjs.org/is-running 833ms (cache revalidated)
npm http fetch GET 200 https://registry.npmjs.org/decamelize 45ms (cache revalidated)
npm http fetch GET 200 https://registry.npmjs.org/set-blocking 50ms (cache revalidated)
npm http fetch GET 200 https://registry.npmjs.org/temp-fs 844ms (cache revalidated)
npm http fetch GET 200 https://registry.npmjs.org/which-module 50ms (cache revalidated)
npm http fetch GET 200 https://registry.npmjs.org/get-caller-file 39ms (cache revalidated)
npm http fetch GET 200 https://registry.npmjs.org/require-directory 42ms (cache revalidated)
npm http fetch GET 200 https://registry.npmjs.org/require-main-filename 50ms (cache revalidated)
npm http fetch GET 200 https://registry.npmjs.org/lodash.difference 43ms (cache revalidated)
npm http fetch GET 200 https://registry.npmjs.org/lazystream 60ms (cache revalidated)
npm http fetch GET 200 https://registry.npmjs.org/lodash.flatten 63ms (cache revalidated)
npm http fetch GET 200 https://registry.npmjs.org/lodash.defaults 70ms (cache revalidated)
npm http fetch GET 200 https://registry.npmjs.org/lodash.union 68ms (cache revalidated)
npm http fetch GET 200 https://registry.npmjs.org/lodash.isplainobject 82ms (cache revalidated)
npm http fetch GET 200 https://registry.npmjs.org/normalize-path 83ms (cache revalidated)
npm http fetch GET 200 https://registry.npmjs.org/string_decoder 68ms (cache revalidated)
npm http fetch GET 200 https://registry.npmjs.org/bl 60ms (cache revalidated)
npm http fetch GET 200 https://registry.npmjs.org/end-of-stream 67ms (cache revalidated)
npm http fetch GET 200 https://registry.npmjs.org/util-deprecate 81ms (cache revalidated)
npm http fetch GET 200 https://registry.npmjs.org/compress-commons 57ms (cache revalidated)
npm http fetch GET 200 https://registry.npmjs.org/fs-constants 93ms (cache revalidated)
npm http fetch GET 200 https://registry.npmjs.org/core-util-is 42ms (cache revalidated)
npm http fetch GET 200 https://registry.npmjs.org/isarray 47ms (cache revalidated)
npm http fetch GET 200 https://registry.npmjs.org/process-nextick-args 56ms (cache revalidated)
npm http fetch GET 200 https://registry.npmjs.org/event-stream 41ms (cache revalidated)
npm http fetch GET 200 https://registry.npmjs.org/rimraf 44ms (cache revalidated)
npm http fetch GET 200 https://registry.npmjs.org/has-flag 39ms (cache revalidated)
npm http fetch GET 200 https://registry.npmjs.org/color-convert 42ms (cache revalidated)
npm http fetch GET 200 https://registry.npmjs.org/color-name 34ms (cache revalidated)
npm http fetch GET 200 https://registry.npmjs.org/strip-ansi 48ms (cache revalidated)
npm http fetch GET 200 https://registry.npmjs.org/is-fullwidth-code-point 57ms (cache revalidated)
npm http fetch GET 200 https://registry.npmjs.org/emoji-regex 60ms (cache revalidated)
npm http fetch GET 200 https://registry.npmjs.org/lodash.once 52ms (cache revalidated)
npm http fetch GET 200 https://registry.npmjs.org/restore-cursor 57ms (cache revalidated)
npm http fetch GET 200 https://registry.npmjs.org/ieee754 63ms (cache revalidated)
npm http fetch GET 200 https://registry.npmjs.org/is-stream 61ms (cache revalidated)
npm http fetch GET 200 https://registry.npmjs.org/base64-js 80ms (cache revalidated)
npm http fetch GET 200 https://registry.npmjs.org/onetime 72ms (cache revalidated)
npm http fetch GET 200 https://registry.npmjs.org/@colors%2fcolors 88ms (cache revalidated)
npm http fetch GET 200 https://registry.npmjs.org/cross-spawn 61ms (cache revalidated)
npm http fetch GET 200 https://registry.npmjs.org/get-stream 77ms (cache revalidated)
npm http fetch GET 200 https://registry.npmjs.org/merge-stream 70ms (cache revalidated)
npm http fetch GET 200 https://registry.npmjs.org/signal-exit 85ms (cache revalidated)
npm http fetch GET 200 https://registry.npmjs.org/npm-run-path 72ms (cache revalidated)
npm http fetch GET 200 https://registry.npmjs.org/strip-final-newline 62ms (cache revalidated)
npm http fetch GET 200 https://registry.npmjs.org/human-signals 83ms (cache revalidated)
npm http fetch GET 200 https://registry.npmjs.org/get-stream 45ms (cache hit)
npm http fetch GET 200 https://registry.npmjs.org/@types%2fyauzl 77ms (cache revalidated)
npm http fetch GET 200 https://registry.npmjs.org/ci-info 70ms (cache revalidated)
npm http fetch GET 200 https://registry.npmjs.org/at-least-node 90ms (cache revalidated)
npm http fetch GET 200 https://registry.npmjs.org/global-dirs 87ms (cache revalidated)
npm http fetch GET 200 https://registry.npmjs.org/rfdc 77ms (cache revalidated)
npm http fetch GET 200 https://registry.npmjs.org/rxjs 76ms (cache revalidated)
npm http fetch GET 200 https://registry.npmjs.org/is-path-inside 117ms (cache revalidated)
npm http fetch GET 200 https://registry.npmjs.org/p-map 73ms (cache revalidated)
npm http fetch GET 200 https://registry.npmjs.org/through 81ms (cache revalidated)
npm http fetch GET 200 https://registry.npmjs.org/colorette 79ms (cache revalidated)
npm http fetch GET 200 https://registry.npmjs.org/wrap-ansi 78ms (cache revalidated)
npm http fetch GET 200 https://registry.npmjs.org/cli-truncate 63ms (cache revalidated)
npm http fetch GET 200 https://registry.npmjs.org/is-unicode-supported 51ms (cache revalidated)
npm http fetch GET 200 https://registry.npmjs.org/log-update 82ms (cache revalidated)
npm http fetch GET 200 https://registry.npmjs.org/throttleit 50ms (cache revalidated)
npm http fetch GET 200 https://registry.npmjs.org/fd-slicer 39ms (cache revalidated)
npm http fetch GET 200 https://registry.npmjs.org/sshpk 39ms (cache revalidated)
npm http fetch GET 200 https://registry.npmjs.org/side-channel 40ms (cache revalidated)
npm http fetch GET 200 https://registry.npmjs.org/delayed-stream 57ms (cache revalidated)
npm http fetch GET 200 https://registry.npmjs.org/asynckit 59ms (cache revalidated)
npm http fetch GET 200 https://registry.npmjs.org/assert-plus 60ms (cache revalidated)
npm http fetch GET 200 https://registry.npmjs.org/jsprim 60ms (cache revalidated)
npm http fetch GET 200 https://registry.npmjs.org/mime-db 63ms (cache revalidated)
npm http fetch GET 200 https://registry.npmjs.org/psl 47ms (cache revalidated)
npm http fetch GET 200 https://registry.npmjs.org/punycode 48ms (cache revalidated)
npm http fetch GET 200 https://registry.npmjs.org/url-parse 57ms (cache revalidated)
npm http fetch GET 200 https://registry.npmjs.org/unbzip2-stream 71ms (cache revalidated)
npm http fetch GET 200 https://registry.npmjs.org/file-type 81ms (cache revalidated)
npm http fetch GET 200 https://registry.npmjs.org/file-type 83ms (cache revalidated)
npm http fetch GET 200 https://registry.npmjs.org/file-type 104ms (cache revalidated)
npm http fetch GET 200 https://registry.npmjs.org/file-type 119ms (cache revalidated)
npm http fetch GET 200 https://registry.npmjs.org/seek-bzip 123ms (cache revalidated)
npm http fetch GET 200 https://registry.npmjs.org/is-natural-number 117ms (cache revalidated)
npm http fetch GET 200 https://registry.npmjs.org/to-buffer 34ms (cache revalidated)
npm http fetch GET 200 https://registry.npmjs.org/xtend 38ms (cache revalidated)
npm http fetch GET 200 https://registry.npmjs.org/buffer-alloc 75ms (cache revalidated)
npm http fetch GET 200 https://registry.npmjs.org/object-assign 34ms (cache revalidated)
npm http fetch GET 200 https://registry.npmjs.org/pinkie-promise 37ms (cache revalidated)
npm http fetch GET 200 https://registry.npmjs.org/ansi-regex 39ms (cache revalidated)
npm http fetch GET 200 https://registry.npmjs.org/path-key 54ms (cache revalidated)
npm http fetch GET 200 https://registry.npmjs.org/shebang-command 61ms (cache revalidated)
npm http fetch GET 200 https://registry.npmjs.org/mimic-fn 60ms (cache revalidated)
npm http fetch GET 200 https://registry.npmjs.org/which 64ms (cache revalidated)
npm http fetch GET 200 https://registry.npmjs.org/path-key 75ms (cache revalidated)
npm http fetch GET 200 https://registry.npmjs.org/pump 76ms (cache revalidated)
npm http fetch GET 200 https://registry.npmjs.org/isexe 36ms (cache revalidated)
npm http fetch GET 200 https://registry.npmjs.org/shebang-regex 46ms (cache revalidated)
npm http fetch GET 200 https://registry.npmjs.org/@types%2fnode 20ms (cache hit)
npm http fetch GET 200 https://registry.npmjs.org/undici-types 43ms (cache revalidated)
npm http fetch GET 200 https://registry.npmjs.org/pinkie 47ms (cache revalidated)
npm http fetch GET 200 https://registry.npmjs.org/wrappy 49ms (cache revalidated)
npm http fetch GET 200 https://registry.npmjs.org/wrappy 50ms (cache revalidated)
npm http fetch GET 200 https://registry.npmjs.org/brace-expansion 55ms (cache revalidated)
npm http fetch GET 200 https://registry.npmjs.org/verror 41ms (cache revalidated)
npm http fetch GET 200 https://registry.npmjs.org/getpass 45ms (cache revalidated)
npm http fetch GET 200 https://registry.npmjs.org/safer-buffer 48ms (cache revalidated)
npm http fetch GET 200 https://registry.npmjs.org/asn1 56ms (cache revalidated)
npm http fetch GET 200 https://registry.npmjs.org/extsprintf 59ms (cache revalidated)
npm http fetch GET 200 https://registry.npmjs.org/dashdash 60ms (cache revalidated)
npm http fetch GET 200 https://registry.npmjs.org/json-schema 65ms (cache revalidated)
npm http fetch GET 200 https://registry.npmjs.org/jsbn 50ms (cache revalidated)
npm http fetch GET 200 https://registry.npmjs.org/ecc-jsbn 42ms (cache revalidated)
npm http fetch GET 200 https://registry.npmjs.org/tweetnacl 47ms (cache revalidated)
npm http fetch GET 200 https://registry.npmjs.org/bcrypt-pbkdf 42ms (cache revalidated)
npm http fetch GET 200 https://registry.npmjs.org/ansi-escapes 36ms (cache revalidated)
npm http fetch GET 200 https://registry.npmjs.org/tslib 37ms (cache revalidated)
npm http fetch GET 200 https://registry.npmjs.org/aggregate-error 41ms (cache revalidated)
npm http fetch GET 200 https://registry.npmjs.org/astral-regex 28ms (cache revalidated)
npm http fetch GET 200 https://registry.npmjs.org/type-fest 60ms (cache revalidated)
npm http fetch GET 200 https://registry.npmjs.org/balanced-match 33ms (cache revalidated)
npm http fetch GET 200 https://registry.npmjs.org/concat-map 35ms (cache revalidated)
npm http fetch GET 200 https://registry.npmjs.org/readdirp 42ms (cache revalidated)
npm http fetch GET 200 https://registry.npmjs.org/glob-parent 58ms (cache revalidated)
npm http fetch GET 200 https://registry.npmjs.org/braces 68ms (cache revalidated)
npm http fetch GET 200 https://registry.npmjs.org/is-binary-path 66ms (cache revalidated)
npm http fetch GET 200 https://registry.npmjs.org/fsevents 71ms (cache revalidated)
npm http fetch GET 200 https://registry.npmjs.org/anymatch 85ms (cache revalidated)
npm http fetch GET 200 https://registry.npmjs.org/is-glob 99ms (cache revalidated)
npm http fetch GET 200 https://registry.npmjs.org/locate-path 76ms (cache revalidated)
npm http fetch GET 200 https://registry.npmjs.org/randombytes 69ms (cache revalidated)
npm http fetch GET 200 https://registry.npmjs.org/argparse 76ms (cache revalidated)
npm http fetch GET 200 https://registry.npmjs.org/escalade 64ms (cache revalidated)
npm http fetch GET 200 https://registry.npmjs.org/path-exists 86ms (cache revalidated)
npm http fetch GET 200 https://registry.npmjs.org/camelcase 62ms (cache revalidated)
npm http fetch GET 200 https://registry.npmjs.org/flat 56ms (cache revalidated)
npm http fetch GET 200 https://registry.npmjs.org/is-plain-obj 39ms (cache revalidated)
npm http fetch GET 200 https://registry.npmjs.org/picomatch 53ms (cache revalidated)
npm http fetch GET 200 https://registry.npmjs.org/picomatch 57ms (cache revalidated)
npm http fetch GET 200 https://registry.npmjs.org/is-extglob 59ms (cache revalidated)
npm http fetch GET 200 https://registry.npmjs.org/fill-range 70ms (cache revalidated)
npm http fetch GET 200 https://registry.npmjs.org/binary-extensions 73ms (cache revalidated)
npm http fetch GET 200 https://registry.npmjs.org/to-regex-range 44ms (cache revalidated)
npm http fetch GET 200 https://registry.npmjs.org/is-number 33ms (cache revalidated)
npm http fetch GET 200 https://registry.npmjs.org/p-locate 34ms (cache revalidated)
npm http fetch GET 200 https://registry.npmjs.org/p-limit 43ms (cache revalidated)
npm http fetch GET 200 https://registry.npmjs.org/easy-stack 35ms (cache revalidated)
npm http fetch GET 200 https://registry.npmjs.org/yocto-queue 41ms (cache revalidated)
npm http fetch GET 200 https://registry.npmjs.org/clean-stack 36ms (cache revalidated)
npm http fetch GET 200 https://registry.npmjs.org/indent-string 37ms (cache revalidated)
npm http fetch GET 200 https://registry.npmjs.org/duplexer 39ms (cache revalidated)
npm http fetch GET 200 https://registry.npmjs.org/pause-stream 38ms (cache revalidated)
npm http fetch GET 200 https://registry.npmjs.org/stream-combiner 44ms (cache revalidated)
npm http fetch GET 200 https://registry.npmjs.org/split 50ms (cache revalidated)
npm http fetch GET 200 https://registry.npmjs.org/map-stream 56ms (cache revalidated)
npm http fetch GET 200 https://registry.npmjs.org/from 59ms (cache revalidated)
npm http fetch GET 200 https://registry.npmjs.org/call-bind 31ms (cache revalidated)
npm http fetch GET 200 https://registry.npmjs.org/get-intrinsic 31ms (cache revalidated)
npm http fetch GET 200 https://registry.npmjs.org/es-errors 36ms (cache revalidated)
npm http fetch GET 200 https://registry.npmjs.org/object-inspect 36ms (cache revalidated)
npm http fetch GET 200 https://registry.npmjs.org/ajv 11ms (cache hit)
npm http fetch GET 200 https://registry.npmjs.org/har-schema 33ms (cache revalidated)
npm http fetch GET 200 https://registry.npmjs.org/fast-json-stable-stringify 31ms (cache revalidated)
npm http fetch GET 200 https://registry.npmjs.org/json-schema-traverse 33ms (cache revalidated)
npm http fetch GET 200 https://registry.npmjs.org/uri-js 37ms (cache revalidated)
npm http fetch GET 200 https://registry.npmjs.org/fast-deep-equal 37ms (cache revalidated)
npm http fetch GET 200 https://registry.npmjs.org/has-symbols 35ms (cache revalidated)
npm http fetch GET 200 https://registry.npmjs.org/es-define-property 43ms (cache revalidated)
npm http fetch GET 200 https://registry.npmjs.org/hasown 36ms (cache revalidated)
npm http fetch GET 200 https://registry.npmjs.org/set-function-length 44ms (cache revalidated)
npm http fetch GET 200 https://registry.npmjs.org/has-proto 44ms (cache revalidated)
npm http fetch GET 200 https://registry.npmjs.org/function-bind 46ms (cache revalidated)
npm http fetch GET 200 https://registry.npmjs.org/function-bind 50ms (cache revalidated)
npm http fetch GET 200 https://registry.npmjs.org/gopd 38ms (cache revalidated)
npm http fetch GET 200 https://registry.npmjs.org/define-data-property 40ms (cache revalidated)
npm http fetch GET 200 https://registry.npmjs.org/has-property-descriptors 40ms (cache revalidated)
npm http fetch GET 200 https://registry.npmjs.org/querystringify 35ms (cache revalidated)
npm http fetch GET 200 https://registry.npmjs.org/requires-port 42ms (cache revalidated)
npm http fetch GET 200 https://registry.npmjs.org/ansi-align 39ms (cache revalidated)
npm http fetch GET 200 https://registry.npmjs.org/dot-prop 36ms (cache revalidated)
npm http fetch GET 200 https://registry.npmjs.org/cli-boxes 45ms (cache revalidated)
npm http fetch GET 200 https://registry.npmjs.org/widest-line 48ms (cache revalidated)
npm http fetch GET 200 https://registry.npmjs.org/package-json 43ms (cache revalidated)
npm http fetch GET 200 https://registry.npmjs.org/write-file-atomic 47ms (cache revalidated)
npm http fetch GET 200 https://registry.npmjs.org/unique-string 51ms (cache revalidated)
npm http fetch GET 200 https://registry.npmjs.org/escape-goat 35ms (cache revalidated)
npm http fetch GET 200 https://registry.npmjs.org/eastasianwidth 32ms (cache revalidated)
npm http fetch GET 200 https://registry.npmjs.org/crypto-random-string 31ms (cache revalidated)
npm http fetch GET 200 https://registry.npmjs.org/typedarray-to-buffer 33ms (cache revalidated)
npm http fetch GET 200 https://registry.npmjs.org/is-obj 39ms (cache revalidated)
npm http fetch GET 200 https://registry.npmjs.org/imurmurhash 41ms (cache revalidated)
npm http fetch GET 200 https://registry.npmjs.org/registry-auth-token 31ms (cache revalidated)
npm http fetch GET 200 https://registry.npmjs.org/got 44ms (cache revalidated)
npm http fetch GET 200 https://registry.npmjs.org/registry-url 50ms (cache revalidated)
npm http fetch GET 200 https://registry.npmjs.org/cacheable-lookup 32ms (cache revalidated)
npm http fetch GET 200 https://registry.npmjs.org/p-cancelable 45ms (cache revalidated)
npm http fetch GET 200 https://registry.npmjs.org/responselike 53ms (cache revalidated)
npm http fetch GET 200 https://registry.npmjs.org/http2-wrapper 56ms (cache revalidated)
npm http fetch GET 200 https://registry.npmjs.org/cacheable-request 57ms (cache revalidated)
npm http fetch GET 200 https://registry.npmjs.org/lowercase-keys 65ms (cache revalidated)
npm http fetch GET 200 https://registry.npmjs.org/@sindresorhus%2fis 71ms (cache revalidated)
npm http fetch GET 200 https://registry.npmjs.org/form-data-encoder 63ms (cache revalidated)
npm http fetch GET 200 https://registry.npmjs.org/decompress-response 67ms (cache revalidated)
npm http fetch GET 200 https://registry.npmjs.org/rc 48ms (cache revalidated)
npm http fetch GET 200 https://registry.npmjs.org/@pnpm%2fnpm-conf 69ms (cache revalidated)
npm http fetch GET 200 https://registry.npmjs.org/@szmarczak%2fhttp-timer 280ms (cache revalidated)
npm http fetch GET 200 https://registry.npmjs.org/http-cache-semantics 44ms (cache revalidated)
npm http fetch GET 200 https://registry.npmjs.org/defer-to-connect 51ms (cache revalidated)
npm http fetch GET 200 https://registry.npmjs.org/@types%2fhttp-cache-semantics 55ms (cache revalidated)
npm http fetch GET 200 https://registry.npmjs.org/normalize-url 59ms (cache revalidated)
npm http fetch GET 200 https://registry.npmjs.org/mimic-response 63ms (cache revalidated)
npm http fetch GET 200 https://registry.npmjs.org/keyv 68ms (cache updated)
npm http fetch GET 200 https://registry.npmjs.org/quick-lru 45ms (cache revalidated)
npm http fetch GET 200 https://registry.npmjs.org/resolve-alpn 42ms (cache revalidated)
npm http fetch GET 200 https://registry.npmjs.org/mimic-response 835ms (cache revalidated)
npm http fetch GET 200 https://registry.npmjs.org/json-buffer 43ms (cache revalidated)
npm http fetch GET 200 https://registry.npmjs.org/config-chain 34ms (cache revalidated)
npm http fetch GET 200 https://registry.npmjs.org/@pnpm%2fconfig.env-replace 50ms (cache revalidated)
npm http fetch GET 200 https://registry.npmjs.org/@pnpm%2fnetwork.ca-file 72ms (cache revalidated)
npm http fetch GET 200 https://registry.npmjs.org/proto-list 34ms (cache revalidated)
npm http fetch GET 200 https://registry.npmjs.org/deep-extend 31ms (cache revalidated)
npm http fetch GET 200 https://registry.npmjs.org/pend 31ms (cache revalidated)
npm http fetch GET 200 https://registry.npmjs.org/crc32-stream 35ms (cache revalidated)
npm http fetch GET 200 https://registry.npmjs.org/crc-32 32ms (cache revalidated)
npm http fetch GET 200 https://registry.npmjs.org/buffer-fill 30ms (cache revalidated)
npm http fetch GET 200 https://registry.npmjs.org/buffer-alloc-unsafe 39ms (cache revalidated)
npm http fetch GET 200 https://registry.npmjs.org/p-try 54ms (cache revalidated)
npm verbose reify failed optional dependency K:\Ashish\cypressAutomation\tmpBstackPackages\node_modules\fsevents
npm http fetch POST 200 https://registry.npmjs.org/-/npm/v1/security/advisories/bulk 630ms
npm warn deprecated inflight@1.0.6: This module is not supported, and leaks memory. Do not use it. Check out lru-cache if you want a good and tested way to coalesce async requests by a key value, which is much more comprehensive and powerful.
npm warn deprecated rimraf@2.5.4: Rimraf versions prior to v4 are no longer supported
npm warn deprecated har-validator@5.1.5: this library is no longer supported
npm warn deprecated glob@7.2.3: Glob versions prior to v9 are no longer supported
npm warn deprecated glob@8.1.0: Glob versions prior to v9 are no longer supported
npm http fetch GET 200 https://registry.npmjs.org/request 477ms (cache revalidated)
npm http fetch GET 200 https://registry.npmjs.org/tough-cookie 479ms (cache revalidated)
npm warn deprecated uuid@3.4.0: Please upgrade  to version 7 or higher.  Older versions may use Math.random() in certain circumstances, which is known to be problematic.  See https://v8.dev/blog/math-random for details.
npm warn deprecated request@2.88.2: request has been deprecated, see https://github.com/request/request/issues/3142
npm http fetch GET 200 https://registry.npmjs.org/browserstack-cypress-cli 914ms (cache revalidated)
npm info run cypress@13.15.0 postinstall node_modules/cypress node index.js --exec install
npm info run cypress@13.15.0 postinstall { code: 0, signal: null }

added 469 packages, and audited 470 packages in 12s

94 packages are looking for funding
  run `npm fund` for details

3 moderate severity vulnerabilities

To address all issues (including breaking changes), run:
  npm audit fix --force

Run `npm audit` for details.
npm verbose cwd K:\Ashish\cypressAutomation\tmpBstackPackages
npm verbose os Windows_NT 10.0.22631
npm verbose node v20.16.0
npm verbose npm  v10.8.1
npm verbose exit 0
npm info ok
